

			M.Tech Final Exam

		Date:		20 Aug 2012
	Timings:	12:30 PM - 2:30 PM

		 Room No: R1

IT-101	IT-105	IT-108	IT-119	IT-122	IT-125	
CSE-201	CSE-205	CSE-208	CSE-213	CSE-217	CSE-220	
IT-103	IT-106	IT-109	IT-120	IT-123	IT-126	
CSE-203	CSE-206	CSE-209	CSE-214	CSE-218	CSE-221	
IT-104	IT-107	IT-110	IT-121	IT-124	IT-131	
CSE-204	CSE-207	CSE-212	CSE-215	CSE-219	CSE-222	

IT:	18	Start: 101	 End: 131
CSE:	18	Start: 201	 End: 222
Total:	36

			M.Tech Final Exam

		Date:		20 Aug 2012
	Timings:	12:30 PM - 2:30 PM

		 Room No: R2

IT-145	ECE-304	ECE-308	ECE-323	ECE-327	ECE-332	
CSE-231	CSE-244	ME-403	ME-407	ME-411	ME-415	
ECE-301	ECE-305	ECE-309	ECE-324	ECE-328	ECE-333	
CSE-241	CSE-245	ME-404	ME-408	ME-412	ME-416	
ECE-302	ECE-306	ECE-310	ECE-325	ECE-329	ECE-334	
CSE-242	ME-401	ME-405	ME-409	ME-413	ME-417	
ECE-303	ECE-307	ECE-322	ECE-326	ECE-330	ECE-335	
CSE-243	ME-402	ME-406	ME-410	ME-414	ME-418	

IT:	1	Start: 145	 End: 145
CSE:	6	Start: 231	 End: 245
ECE:	23	Start: 301	 End: 335
ME:	18	Start: 401	 End: 418
Total:	48

			M.Tech Final Exam

		Date:		20 Aug 2012
	Timings:	12:30 PM - 2:30 PM

		 Room No: R2

ECE-340	0	0	0	0	0	
ME-419	ME-423	0	0	0	0	
CE-501	0	0	0	0	0	
ME-420	ME-424	0	0	0	0	
CE-502	0	0	0	0	0	
ME-421	ME-425	0	0	0	0	
CE-503	0	0	0	0	0	
ME-422	0	0	0	0	0	

ECE:	1	Start: 340	 End: 340
ME:	7	Start: 419	 End: 425
CE:	3	Start: 501	 End: 503
Total:	11